2020-04-06 16:28:22,313: connexion.apis.abstract:ERROR:Failed to add operation for GET /api/hook/gcs-object
2020-04-06 16:31:40,355: connexion.apis.abstract:ERROR:Failed to add operation for POST /api/hook/openrefine-project
2020-04-06 17:00:09,434: connexion.apis.abstract:ERROR:Failed to add operation for GET /api/hook/gcs-object
2020-04-06 20:47:47,899: connexion.apis.abstract:ERROR:Failed to add operation for GET /api/hook/gcs-object
2020-04-06 20:51:02,723: connexion.apis.abstract:ERROR:Failed to add operation for GET /api/hook/gcs-object
2020-04-06 20:51:58,491: connexion.apis.abstract:ERROR:Failed to add operation for GET /api/hook/gcs-object
2020-04-06 20:52:25,499: connexion.apis.abstract:ERROR:Failed to add operation for GET /api/hook/gcs-object
2020-04-06 20:53:43,879: connexion.apis.abstract:ERROR:Failed to add operation for GET /api/hook/gcs-object
2020-04-06 20:53:45,125: connexion.apis.abstract:ERROR:Failed to add operation for GET /api/hook/gcs-object
2020-04-06 20:53:48,977: connexion.apis.abstract:ERROR:Failed to add operation for GET /api/hook/gcs-object
2020-04-06 21:00:15,663: connexion.apis.abstract:ERROR:Failed to add operation for GET /api/hook/gcs-object
2020-04-06 21:25:34,781: connexion.apis.abstract:ERROR:Failed to add operation for GET /api/hook/gcs-object
2020-04-06 21:30:20,077: connexion.apis.abstract:ERROR:Failed to add operation for GET /api/hook/gcs-object
2020-04-06 21:38:53,701: connexion.apis.abstract:ERROR:Failed to add operation for GET /api/hook/gcs-object
2020-04-07 11:34:01,246: connexion.apis.abstract:ERROR:Failed to add operation for GET /api/hook/gcs-object
2020-04-07 11:57:29,799: connexion.apis.abstract:ERROR:Failed to add operation for GET /api/hook/gcs-object
2020-04-07 11:57:33,513: connexion.apis.abstract:ERROR:Failed to add operation for GET /api/hook/gcs-object
2020-04-07 12:00:31,581: connexion.apis.abstract:ERROR:Failed to add operation for GET /api/hook/gcs-object
2020-04-07 12:02:35,063: connexion.apis.abstract:ERROR:Failed to add operation for GET /api/hook/gcs-object
2020-04-07 13:15:38,069: connexion.apis.abstract:ERROR:Failed to add operation for GET /api/hook/gcs-object
2020-04-10 16:13:15,288: connexion.apis.abstract:ERROR:Failed to add operation for GET /api/hook/gcs-object
2020-04-10 16:25:41,729: connexion.apis.abstract:ERROR:Failed to add operation for GET /api/hook/gcs-object
2020-04-10 16:38:33,773: connexion.apis.abstract:ERROR:Failed to add operation for GET /api/hook/gcs-object
2020-04-10 16:38:48,114: connexion.apis.abstract:ERROR:Failed to add operation for GET /api/hook/gcs-object
2020-04-10 16:53:57,482: connexion.apis.abstract:ERROR:Failed to add operation for GET /api/hook/gcs-object
2020-04-10 16:55:18,510: connexion.apis.abstract:ERROR:Failed to add operation for GET /api/hook/gcs-object
2020-04-10 17:22:02,368: connexion.apis.abstract:ERROR:Failed to add operation for GET /api/hook/gcs-object
2020-04-10 17:27:29,018: connexion.apis.abstract:ERROR:Failed to add operation for GET /api/hook/gcs-object
2020-04-11 08:54:13,113: connexion.apis.abstract:ERROR:Failed to add operation for GET /api/hook/gcs-object
2020-04-11 15:05:24,651: connexion.apis.abstract:ERROR:Failed to add operation for GET /api/hook/gcs-object
2020-04-11 15:05:36,258: connexion.apis.abstract:ERROR:Failed to add operation for GET /api/hook/gcs-object
2020-04-11 15:19:29,224: connexion.decorators.validation:ERROR:http://localhost:5000/api/hook/openrefine-project validation error: None is not of type 'object'
2020-04-12 09:18:25,878: connexion.apis.abstract:ERROR:Failed to add operation for GET /api/hook/gcs-object
2020-04-14 16:54:09,683: connexion.apis.abstract:ERROR:Failed to add operation for GET /api/hook/gcs-object
2020-04-14 16:56:50,765: connexion.apis.abstract:ERROR:Failed to add operation for GET /api/hook/gcs-object
2020-04-14 17:18:44,644: connexion.apis.abstract:ERROR:Failed to add operation for GET /api/hook/gcs-object
2020-04-15 16:19:10,137: connexion.apis.abstract:ERROR:Failed to add operation for GET /api/hook/gcs-object
2020-04-15 16:31:19,563: connexion.apis.abstract:ERROR:Failed to add operation for GET /api/hook/gcs-object
2020-04-15 16:32:37,615: connexion.apis.abstract:ERROR:Failed to add operation for GET /api/hook/gcs-object
2020-04-15 16:34:06,061: connexion.apis.abstract:ERROR:Failed to add operation for GET /api/hook/gcs-object
2020-04-15 16:36:49,222: connexion.apis.abstract:ERROR:Failed to add operation for GET /api/hook/gcs-object
2020-04-15 16:39:56,225: connexion.apis.abstract:ERROR:Failed to add operation for GET /api/hook/gcs-object
2020-04-15 16:50:12,697: connexion.apis.abstract:ERROR:Failed to add operation for GET /api/hook/gcs-object
2020-04-15 17:07:34,759: connexion.apis.abstract:ERROR:Failed to add operation for GET /api/hook/gcs-object
2020-04-15 22:21:15,216: connexion.apis.abstract:ERROR:Failed to add operation for GET /api/hook/gcs-object
2020-04-15 22:25:42,771: connexion.apis.abstract:ERROR:Failed to add operation for GET /api/hook/gcs-object
2020-04-15 22:31:08,835: connexion.apis.abstract:ERROR:Failed to add operation for GET /api/hook/gcs-object
2020-04-25 10:03:28,729: connexion.apis.abstract:ERROR:Failed to add operation for GET /api/status/checkCleanProject
2020-04-25 10:03:49,760: connexion.apis.abstract:ERROR:Failed to add operation for GET /api/status/checkCleanProject
2020-04-25 10:15:24,982: connexion.apis.abstract:ERROR:Failed to add operation for GET /api/status/checkCleanProject
2020-04-25 10:15:53,629: connexion.apis.abstract:ERROR:Failed to add operation for GET /api/status/checkCleanProject
2020-04-25 10:18:40,625: connexion.apis.abstract:ERROR:Failed to add operation for GET /api/status/checkCleanProject
2020-04-25 10:18:56,356: connexion.apis.abstract:ERROR:Failed to add operation for GET /api/status/checkCleanProject
2020-04-25 11:15:41,060: connexion.apis.abstract:ERROR:Failed to add operation for GET /api/status/checkCleanProject
2020-04-25 11:41:21,394: connexion.apis.abstract:ERROR:Failed to add operation for GET /api/status/checkCleanProject
2020-04-25 14:50:49,916: connexion.apis.abstract:ERROR:Failed to add operation for POST /api/download/allStorageObjects
2020-04-25 20:35:25,458: connexion.apis.abstract:ERROR:Failed to add operation for GET /api/status/checkCleanProject
2020-04-25 20:40:20,220: connexion.apis.abstract:ERROR:Failed to add operation for POST /api/download/allStorageObjects
2020-04-27 11:13:14,777: connexion.apis.abstract:ERROR:Failed to add operation for GET /api/upload/allOpenrefineProjects
2020-04-27 12:01:21,249: connexion.apis.abstract:ERROR:Failed to add operation for GET /api/upload/allOpenrefineProjects
2020-04-27 12:04:36,171: connexion.apis.abstract:ERROR:Failed to add operation for GET /api/upload/allOpenrefineProjects
2020-04-28 11:15:45,083: connexion.apis.abstract:ERROR:Failed to add operation for GET /api/upload/allOpenrefineProjects
2020-04-28 11:18:57,913: connexion.apis.abstract:ERROR:Failed to add operation for GET /api/upload/allOpenrefineProjects
2020-04-28 11:28:55,455: connexion.apis.abstract:ERROR:Failed to add operation for GET /api/upload/allOpenrefineProjects
2020-04-28 11:29:19,658: connexion.apis.abstract:ERROR:Failed to add operation for GET /api/upload/allOpenrefineProjects
2020-04-28 11:36:24,143: connexion.apis.abstract:ERROR:Failed to add operation for GET /api/upload/allOpenrefineProjects
2020-04-28 11:37:49,294: connexion.apis.abstract:ERROR:Failed to add operation for GET /api/upload/allOpenrefineProjects
2020-04-28 11:39:36,050: connexion.apis.abstract:ERROR:Failed to add operation for GET /api/upload/allOpenrefineProjects
2020-04-28 13:29:02,586: connexion.apis.abstract:ERROR:Failed to add operation for POST /api/download/allStorageObjects
2020-04-28 13:33:33,693: connexion.apis.abstract:ERROR:Failed to add operation for POST /api/download/allStorageObjects
2020-04-30 00:53:49,189: connexion.apis.abstract:ERROR:Failed to add operation for GET /api/download/allStorageObjects
2020-04-30 00:53:59,950: connexion.apis.abstract:ERROR:Failed to add operation for GET /api/download/allStorageObjects
2020-04-30 00:57:13,899: connexion.apis.abstract:ERROR:Failed to add operation for GET /api/download/allStorageObjects
2020-04-30 12:25:38,638: connexion.apis.abstract:ERROR:Failed to add operation for GET /api/download/allStorageObjects
2020-04-30 17:59:27,985: connexion.apis.abstract:ERROR:Failed to add operation for GET /api/upload/allOpenrefineProjects
2020-04-30 18:04:49,345: connexion.apis.abstract:ERROR:Failed to add operation for GET /api/upload/allOpenrefineProjects
2020-04-30 18:13:43,745: connexion.apis.abstract:ERROR:Failed to add operation for GET /api/upload/allOpenrefineProjects
2020-04-30 18:13:52,348: connexion.apis.abstract:ERROR:Failed to add operation for GET /api/upload/allOpenrefineProjects
2020-05-01 16:39:07,394: connexion.apis.abstract:ERROR:Failed to add operation for GET /api/download/allStorageObjects
2020-05-01 16:39:48,075: connexion.apis.abstract:ERROR:Failed to add operation for GET /api/download/allStorageObjects
2020-05-01 16:40:07,935: connexion.apis.abstract:ERROR:Failed to add operation for GET /api/download/allStorageObjects
2020-05-01 16:40:51,178: connexion.apis.abstract:ERROR:Failed to add operation for GET /api/download/allStorageObjects
2020-05-01 16:41:43,392: connexion.apis.abstract:ERROR:Failed to add operation for GET /api/download/allStorageObjects
2020-05-01 16:45:08,280: connexion.apis.abstract:ERROR:Failed to add operation for GET /api/download/allStorageObjects
2020-05-01 16:45:11,746: connexion.apis.abstract:ERROR:Failed to add operation for GET /api/download/allStorageObjects
2020-05-01 16:45:21,801: connexion.apis.abstract:ERROR:Failed to add operation for GET /api/download/allStorageObjects
2020-05-01 16:45:43,096: connexion.apis.abstract:ERROR:Failed to add operation for GET /api/download/allStorageObjects
2020-05-01 16:49:11,249: connexion.apis.abstract:ERROR:Failed to add operation for GET /api/download/allStorageObjects
2020-05-01 16:52:20,079: connexion.apis.abstract:ERROR:Failed to add operation for GET /api/download/allStorageObjects
2020-05-01 16:52:45,029: connexion.apis.abstract:ERROR:Failed to add operation for GET /api/download/allStorageObjects
2020-05-02 14:05:48,445: connexion.apis.abstract:ERROR:Failed to add operation for GET /api/download/allStorageObjects
2020-05-02 14:05:53,295: connexion.apis.abstract:ERROR:Failed to add operation for GET /api/download/allStorageObjects
2020-05-02 14:06:23,287: connexion.apis.abstract:ERROR:Failed to add operation for GET /api/download/allStorageObjects
2020-05-02 14:21:09,787: connexion.apis.abstract:ERROR:Failed to add operation for GET /api/download/allStorageObjects
2020-05-02 14:21:14,934: connexion.apis.abstract:ERROR:Failed to add operation for GET /api/download/allStorageObjects
2020-05-02 14:21:57,695: connexion.apis.abstract:ERROR:Failed to add operation for GET /api/download/allStorageObjects
2020-05-02 14:35:52,382: connexion.apis.abstract:ERROR:Failed to add operation for GET /api/download/allStorageObjects
2020-05-04 16:33:07,949: connexion.apis.abstract:ERROR:Failed to add operation for GET /api/download/allStorageObjects
2020-05-04 16:33:12,368: connexion.apis.abstract:ERROR:Failed to add operation for GET /api/download/allStorageObjects
2020-05-07 10:51:20,627: connexion.apis.abstract:ERROR:Failed to add operation for GET /api/reconciliation/diagnosis
2020-05-07 10:56:29,201: connexion.apis.abstract:ERROR:Failed to add operation for GET /api/reconciliation/diagnosis
2020-05-08 15:21:01,659: connexion.apis.abstract:ERROR:Failed to add operation for POST /api/reconcile/diagnosis
2020-05-08 15:21:21,043: connexion.apis.abstract:ERROR:Failed to add operation for POST /api/reconcile/diagnosis
2020-05-08 15:37:36,602: connexion.apis.abstract:ERROR:Failed to add operation for GET /api/reconcile/diagnosis
2020-05-08 15:38:57,911: connexion.apis.abstract:ERROR:Failed to add operation for GET /api/reconcile/diagnosis
2020-05-08 15:41:35,224: connexion.apis.abstract:ERROR:Failed to add operation for GET /api/reconcile/diagnosis
2020-05-08 15:43:15,277: connexion.apis.abstract:ERROR:Failed to add operation for GET /api/reconcile/diagnosis
2020-05-08 15:55:55,135: connexion.apis.abstract:ERROR:Failed to add operation for POST /api/reconcile/diagnosis
2020-05-08 15:56:48,930: connexion.apis.abstract:ERROR:Failed to add operation for POST /api/reconcile/diagnosis
2020-05-08 15:56:48,931: connexion.apis.abstract:ERROR:Failed to add operation for POST /api/reconcile/diagnosis
2020-05-08 15:57:07,195: connexion.apis.abstract:ERROR:Failed to add operation for POST /api/reconcile/diagnosis
2020-05-08 16:53:01,671: connexion.apis.abstract:ERROR:Failed to add operation for POST /api/reconcile/diagnosis
2020-05-08 16:53:28,910: connexion.apis.abstract:ERROR:Failed to add operation for POST /api/reconcile/diagnosis
2020-07-08 13:14:14,072: connexion.apis.abstract:ERROR:Failed to add operation for GET /api/status/openRefine
2020-07-08 13:14:49,725: connexion.apis.abstract:ERROR:Failed to add operation for GET /api/status/openRefine
2020-07-08 16:09:19,244: connexion.apis.abstract:ERROR:Failed to add operation for GET /api/status/openRefine
2020-07-08 16:10:12,896: connexion.apis.abstract:ERROR:Failed to add operation for GET /api/status/openRefine
2020-07-08 18:11:43,342: connexion.apis.abstract:ERROR:Failed to add operation for GET /api/status/openRefine
2020-07-08 18:11:53,657: connexion.apis.abstract:ERROR:Failed to add operation for GET /api/status/openRefine
2020-08-01 18:43:54,207: connexion.apis.abstract:ERROR:Failed to add operation for GET /api/download/allStorageObjects
2020-08-01 19:00:11,212: connexion.apis.abstract:ERROR:Failed to add operation for GET /api/status/openRefine
2021-02-02 15:38:20,787: connexion.apis.abstract:ERROR:Failed to add operation for GET /api/download/allStorageObjects
2021-02-02 15:39:21,138: connexion.apis.abstract:ERROR:Failed to add operation for GET /api/download/allStorageObjects
2021-02-02 15:42:41,229: connexion.apis.abstract:ERROR:Failed to add operation for POST /api/download/storageObject
2021-02-02 15:50:54,589: connexion.apis.abstract:ERROR:Failed to add operation for GET /api/download/allStorageObjects
2021-02-02 15:50:57,887: connexion.apis.abstract:ERROR:Failed to add operation for GET /api/download/allStorageObjects
2021-02-02 16:15:48,478: connexion.apis.abstract:ERROR:Failed to add operation for GET /api/download/allStorageObjects
2021-02-02 16:17:15,563: connexion.apis.abstract:ERROR:Failed to add operation for GET /api/download/allStorageObjects
2021-02-02 17:04:23,104: connexion.apis.abstract:ERROR:Failed to add operation for GET /api/status/openRefine
2021-02-03 11:20:51,313: connexion.apis.abstract:ERROR:Failed to add operation for GET /api/status/openRefine
2021-02-03 11:43:01,796: connexion.apis.abstract:ERROR:Failed to add operation for GET /api/download/allStorageObjects
2021-02-03 12:30:09,023: connexion.apis.abstract:ERROR:Failed to add operation for GET /api/download/allStorageObjects
2021-02-03 19:52:01,852: connexion.apis.abstract:ERROR:Failed to add operation for GET /api/download/allStorageObjects
2021-02-03 19:53:06,114: connexion.apis.abstract:ERROR:Failed to add operation for GET /api/download/allStorageObjects
2021-02-03 19:54:40,442: connexion.apis.abstract:ERROR:Failed to add operation for GET /api/download/allStorageObjects
2021-02-04 10:10:14,128: connexion.apis.abstract:ERROR:Failed to add operation for GET /api/status/openRefine
2021-02-04 10:12:40,358: connexion.apis.abstract:ERROR:Failed to add operation for GET /api/status/openRefine
2021-02-04 11:06:57,932: connexion.apis.abstract:ERROR:Failed to add operation for GET /api/download/allStorageObjects
2021-02-04 13:30:27,257: connexion.decorators.validation:ERROR:http://0.0.0.0:8002/api/download/storageObject validation error: ['address.2020-10-01.json', 'address.2021-10-01.json'] is not of type 'string' - 'filename.0'
2021-02-04 13:30:55,607: connexion.decorators.validation:ERROR:http://0.0.0.0:8002/api/download/storageObject validation error: ['address.2020-10-01.json', 'address.2021-10-01.json'] is not of type 'string' - 'filename.0'
2021-02-04 13:31:02,871: connexion.decorators.validation:ERROR:http://0.0.0.0:8002/api/download/storageObject validation error: ['address.2020-10-01.json', 'address.2021-10-01.json'] is not of type 'string' - 'filename.0'
2021-02-04 13:32:02,345: connexion.decorators.validation:ERROR:http://0.0.0.0:8002/api/download/storageObject validation error: ['address.2020-10-01.json', 'address.2021-10-01.json'] is not of type 'string' - 'filename.0'
2021-02-04 13:32:32,309: connexion.decorators.validation:ERROR:http://0.0.0.0:8002/api/download/storageObject validation error: [['address.2020-10-01.json', 'address.2021-10-01.json']] is not of type 'object' - 'filename'
2021-02-04 13:47:41,366: connexion.apis.abstract:ERROR:Failed to add operation for GET /api/download/allStorageObjects
2021-02-08 13:18:19,875: connexion.apis.abstract:ERROR:Failed to add operation for GET /api/download/allStorageObjects
2021-02-09 13:20:59,386: connexion.apis.abstract:ERROR:Failed to add operation for GET /api/download/allStorageObjects
2021-02-26 10:58:11,940: connexion.apis.abstract:ERROR:Failed to add operation for POST /api/upload/openrefineProject
2021-02-26 13:07:04,480: connexion.apis.abstract:ERROR:Failed to add operation for GET /api/upload/allOpenrefineProjects
2021-02-26 13:09:22,433: connexion.apis.abstract:ERROR:Failed to add operation for GET /api/download/allStorageObjects
2021-02-26 13:13:34,564: connexion.apis.abstract:ERROR:Failed to add operation for GET /api/download/allStorageObjects
2021-02-26 13:14:00,959: connexion.apis.abstract:ERROR:Failed to add operation for GET /api/download/allStorageObjects
2021-02-27 14:12:42,405: connexion.apis.abstract:ERROR:Failed to add operation for GET /api/download/allStorageObjects
2021-02-27 14:49:06,727: connexion.apis.abstract:ERROR:Failed to add operation for GET /api/download/allStorageObjects
2021-02-27 17:56:37,466: connexion.apis.abstract:ERROR:Failed to add operation for GET /api/download/allStorageObjects
2021-02-27 17:57:26,760: connexion.apis.abstract:ERROR:Failed to add operation for GET /api/download/allStorageObjects
2021-02-27 18:02:38,133: connexion.apis.abstract:ERROR:Failed to add operation for GET /api/download/allStorageObjects
2021-02-27 18:03:27,690: connexion.apis.abstract:ERROR:Failed to add operation for GET /api/download/allStorageObjects
2021-02-27 20:26:53,226: connexion.apis.abstract:ERROR:Failed to add operation for GET /api/download/allStorageObjects
